➤ YN0000: Done in 0s 16ms
➤ YN0000: · Yarn 4.10.2
➤ YN0000: ┌ Resolution step
➤ YN0085: │ + @firebase/app@npm:0.11.5, @vitejs/plugin-react@npm:4.7.0, @babel/core@npm:7.28.4, @babel/generator@npm:7.28.3, @babel/helper-globals@npm:7.28.0, and 22 more.
➤ YN0085: │ - @exodus/schemasafe@npm:1.3.0, @sindresorhus/is@npm:3.1.2, and 39 more.
➤ YN0000: └ Completed in 2s 82ms
➤ YN0000: ┌ Post-resolution validation
➤ YN0060: │ @mysten/sui is listed by your project with version 1.16.0 (pdd0bf7), which doesn't satisfy what @suiet/wallet-kit and other dependencies request (1.12.0).
➤ YN0060: │ @stripe/stripe-js is listed by your project with version 5.0.0 (p567f9b), which doesn't satisfy what @stripe/react-stripe-js requests (^1.44.1 || ^2.0.0 || ^3.0.0 || ^4.0.0).
➤ YN0060: │ firebase is listed by your project with version 10.8.0 (p9e3330), which doesn't satisfy what react-firebaseui and other dependencies request (^9.1.3).
➤ YN0060: │ grapesjs is listed by your project with version 0.22.5 (p9a5641), which doesn't satisfy what grapesjs-react and other dependencies request (but they have non-overlapping ranges!).
➤ YN0060: │ react is listed by your project with version 18.3.1 (p7b43c7), which doesn't satisfy what react-diff-viewer and other dependencies request (but they have non-overlapping ranges!).
➤ YN0060: │ react-dom is listed by your project with version 18.3.1 (p355374), which doesn't satisfy what react-diff-viewer and other dependencies request (but they have non-overlapping ranges!).
➤ YN0060: │ typescript is listed by your project with version 5.2.2 (pd9e3f7), which doesn't satisfy what ox (via viem) and other dependencies request (^5.4.0).
➤ YN0060: │ vite is listed by your project with version 4.4.5 (paab82f), which doesn't satisfy what @vanilla-extract/vite-plugin and other dependencies request (but they have non-overlapping ranges!).
➤ YN0060: │ zod is listed by your project with version 3.23.8 (p8b2402), which doesn't satisfy what zod-to-json-schema (via @mastra/agui) and other dependencies request (^3.24.1).
➤ YN0002: │ view-time@workspace:. doesn't provide @algolia/client-search (pcc066a), requested by @algolia/autocomplete-js.
➤ YN0002: │ view-time@workspace:. doesn't provide @coinbase/wallet-sdk (pda0002), requested by @reown/appkit-adapter-wagmi.
➤ YN0002: │ view-time@workspace:. doesn't provide @mastra/core (pa29197), requested by @mastra/agui.
➤ YN0002: │ view-time@workspace:. doesn't provide @splinetool/runtime (pc8b4fa), requested by @splinetool/react-spline.
➤ YN0002: │ view-time@workspace:. doesn't provide @wagmi/connectors (p73929b), requested by @reown/appkit-adapter-wagmi.
➤ YN0002: │ view-time@workspace:. doesn't provide @wagmi/core (p4e7341), requested by @reown/appkit-adapter-wagmi.
➤ YN0002: │ view-time@workspace:. doesn't provide antd (p0d673c), requested by @pdfme/common.
➤ YN0002: │ view-time@workspace:. doesn't provide dayjs (pcafca1), requested by react-calendar-timeline.
➤ YN0002: │ view-time@workspace:. doesn't provide form-render (pd61bf1), requested by @pdfme/common.
➤ YN0002: │ view-time@workspace:. doesn't provide graphql (pd7b13d), requested by @apollo/client.
➤ YN0002: │ view-time@workspace:. doesn't provide highlight.js (p373517), requested by @tiptap/extension-code-block-lowlight.
➤ YN0002: │ view-time@workspace:. doesn't provide interactjs (p646161), requested by react-calendar-timeline.
➤ YN0002: │ view-time@workspace:. doesn't provide lowlight (p21f800), requested by @tiptap/extension-code-block-lowlight.
➤ YN0002: │ view-time@workspace:. doesn't provide monaco-editor (pf9b63b), requested by @monaco-editor/react.
➤ YN0002: │ view-time@workspace:. doesn't provide next (pfaa44d), requested by @splinetool/react-spline and other dependencies.
➤ YN0002: │ view-time@workspace:. doesn't provide prop-types (p1f1be7), requested by react-shadow and other dependencies.
➤ YN0002: │ view-time@workspace:. doesn't provide survey-creator-core (p8a4381), requested by survey-creator-react.
➤ YN0002: │ view-time@workspace:. doesn't provide y-prosemirror (p52c1ce), requested by @tiptap/extension-collaboration-cursor and other dependencies.
➤ YN0086: │ Some peer dependencies are incorrectly met by your project; run yarn explain peer-requirements <hash> for details, where <hash> is the six-letter p-prefixed code.
➤ YN0086: │ Some peer dependencies are incorrectly met by dependencies; run yarn explain peer-requirements for details.
➤ YN0000: └ Completed
➤ YN0000: ┌ Fetch step
➤ YN0013: │ 5150 packages were added to the project (+ 4.51 GiB).
➤ YN0000: └ Completed in 1m 39s
➤ YN0000: ┌ Link step
➤ YN0000: │ ESM support for PnP uses the experimental loader API and is therefore experimental
➤ YN0007: │ @biomejs/biome@npm:1.8.3 must be built because it never has been before or the last one failed
➤ YN0007: │ @firebase/util@npm:1.11.0 must be built because it never has been before or the last one failed
➤ YN0007: │ protobufjs@npm:7.4.0 must be built because it never has been before or the last one failed
➤ YN0007: │ protobufjs@npm:7.2.6 must be built because it never has been before or the last one failed
➤ YN0007: │ @parcel/watcher@npm:2.5.0 must be built because it never has been before or the last one failed
➤ YN0007: │ bigint-buffer@npm:1.1.5 must be built because it never has been before or the last one failed
➤ YN0007: │ bufferutil@npm:4.0.8 must be built because it never has been before or the last one failed
➤ YN0007: │ utf-8-validate@npm:5.0.10 must be built because it never has been before or the last one failed
➤ YN0007: │ protobufjs@npm:6.11.4 must be built because it never has been before or the last one failed
➤ YN0007: │ core-js@npm:3.6.2 must be built because it never has been before or the last one failed
➤ YN0007: │ sharp@npm:0.32.6 must be built because it never has been before or the last one failed
➤ YN0007: │ aws-sdk@npm:2.1692.0 must be built because it never has been before or the last one failed
➤ YN0007: │ protobufjs@npm:7.2.5 must be built because it never has been before or the last one failed
➤ YN0007: │ core-js@npm:3.40.0 must be built because it never has been before or the last one failed
➤ YN0007: │ es5-ext@npm:0.10.62 must be built because it never has been before or the last one failed
➤ YN0007: │ canvas@npm:2.11.2 must be built because it never has been before or the last one failed
➤ YN0007: │ dtrace-provider@npm:0.8.8 must be built because it never has been before or the last one failed
➤ YN0007: │ core-js@npm:3.37.1 must be built because it never has been before or the last one failed
➤ YN0007: │ esbuild@npm:0.25.2 must be built because it never has been before or the last one failed
➤ YN0007: │ canvas@npm:3.0.0-rc2 must be built because it never has been before or the last one failed
➤ YN0007: │ @scarf/scarf@npm:1.3.0 must be built because it never has been before or the last one failed
➤ YN0007: │ @bundled-es-modules/glob@npm:10.4.2 must be built because it never has been before or the last one failed
➤ YN0007: │ tesseract.js@npm:5.1.1 must be built because it never has been before or the last one failed
➤ YN0007: │ esbuild@npm:0.25.1 must be built because it never has been before or the last one failed
➤ YN0007: │ isolated-vm@npm:5.0.4 must be built because it never has been before or the last one failed
➤ YN0007: │ @clerk/shared@npm:2.21.1 [2f170] must be built because it never has been before or the last one failed
➤ YN0007: │ core-js@npm:2.6.12 must be built because it never has been before or the last one failed
➤ YN0007: │ keccak@npm:3.0.4 must be built because it never has been before or the last one failed
➤ YN0007: │ usb@npm:2.14.0 must be built because it never has been before or the last one failed
➤ YN0007: │ blake-hash@npm:2.0.0 must be built because it never has been before or the last one failed
➤ YN0007: │ tiny-secp256k1@npm:1.1.7 must be built because it never has been before or the last one failed
➤ YN0007: │ esbuild@npm:0.25.4 must be built because it never has been before or the last one failed
➤ YN0007: │ @swc/core@npm:1.3.100 [75819] must be built because it never has been before or the last one failed
➤ YN0007: │ esbuild@npm:0.17.19 must be built because it never has been before or the last one failed
➤ YN0007: │ core-js@npm:3.42.0 must be built because it never has been before or the last one failed
➤ YN0007: │ core-js-pure@npm:3.45.0 must be built because it never has been before or the last one failed
➤ YN0007: │ @scarf/scarf@npm:1.4.0 must be built because it never has been before or the last one failed
➤ YN0007: │ tree-sitter@npm:0.21.1 must be built because it never has been before or the last one failed
➤ YN0007: │ tree-sitter@npm:0.22.4 must be built because it never has been before or the last one failed
➤ YN0007: │ esbuild@npm:0.18.20 must be built because it never has been before or the last one failed
➤ YN0009: │ canvas@npm:2.11.2 couldn't be built successfully (exit code 1, logs can be found here: /private/var/folders/c1/l4z5k02n2779byvnymzxsvth0000gn/T/xfs-a1ce3aa8/build.log)
➤ YN0009: │ canvas@npm:3.0.0-rc2 couldn't be built successfully (exit code 1, logs can be found here: /private/var/folders/c1/l4z5k02n2779byvnymzxsvth0000gn/T/xfs-132adb08/build.log)
➤ YN0009: │ isolated-vm@npm:5.0.4 couldn't be built successfully (exit code 7, logs can be found here: /private/var/folders/c1/l4z5k02n2779byvnymzxsvth0000gn/T/xfs-320b2495/build.log)
➤ YN0007: │ es5-ext@npm:0.10.64 must be built because it never has been before or the last one failed
➤ YN0007: │ style-dictionary@npm:4.4.0 must be built because it never has been before or the last one failed
➤ YN0007: │ tree-sitter-json@npm:0.24.8 [a0799] must be built because it never has been before or the last one failed
➤ YN0007: │ @tree-sitter-grammars/tree-sitter-yaml@npm:0.7.1 [d15a0] must be built because it never has been before or the last one failed
➤ YN0000: └ Completed in 3m 20s
➤ YN0000: · Failed with errors in 5m 3s
➤ YN0000: · Yarn 4.10.2
➤ YN0000: ┌ Resolution step
➤ YN0085: │ + @yarnpkg/sdks@npm:3.2.3, @arcanis/slice-ansi@npm:1.1.1, @nodelib/fs.scandir@npm:2.1.5, @nodelib/fs.stat@npm:2.0.5, @nodelib/fs.walk@npm:1.2.8, and 99 more.
➤ YN0000: └ Completed in 1s 717ms
➤ YN0000: ┌ Fetch step
➤ YN0013: │ 104 packages were added to the project (+ 11.09 MiB).
➤ YN0000: └ Completed
➤ YN0000: ┌ Link step
➤ YN0000: └ Completed in 0s 320ms
➤ YN0000: · Done in 2s 289ms

➤ YN0000: Cleaning up the existing SDK files...
➤ YN0000: ┌ Generating SDKs inside .yarn/sdks
➤ YN0000: │ ✓ Eslint
➤ YN0000: │ ✓ Typescript Language Server
➤ YN0000: │ ✓ Typescript
➤ YN0000: │ • 5 SDKs were skipped based on your root dependencies
➤ YN0000: └ Completed in 0s 283ms
➤ YN0000: ┌ Generating settings
➤ YN0000: │ ✓ Vscode (updated 🔼)
➤ YN0000: └ Completed
